# JRE version: OpenJDK Runtime Environment (8.0_265-b01) (build 1.8.0_265-b01)
# Java VM: OpenJDK 64-Bit Server VM (25.265-b01 mixed mode bsd-amd64 compressed oops)
Heap:
 PSYoungGen      total 141824K, used 66542K [0x000000076ab00000, 0x0000000774000000, 0x00000007c0000000)
  eden space 131072K, 50% used [0x000000076ab00000,0x000000076ebfb8d0,0x0000000772b00000)
  from space 10752K, 0% used [0x0000000773580000,0x0000000773580000,0x0000000774000000)
  to   space 10752K, 0% used [0x0000000772b00000,0x0000000772b00000,0x0000000773580000)
 ParOldGen       total 115200K, used 9507K [0x00000006c0000000, 0x00000006c7080000, 0x000000076ab00000)
  object space 115200K, 8% used [0x00000006c0000000,0x00000006c0948d50,0x00000006c7080000)
 Metaspace       used 25316K, capacity 25622K, committed 25984K, reserved 1071104K
  class space    used 3261K, capacity 3351K, committed 3456K, reserved 1048576K
GC Heap History (6 events):
Event: 0.766 GC heap before
{Heap before GC invocations=1 (full 0):
 PSYoungGen      total 76288K, used 65536K [0x000000076ab00000, 0x0000000770000000, 0x00000007c0000000)
  eden space 65536K, 100% used [0x000000076ab00000,0x000000076eb00000,0x000000076eb00000)
  from space 10752K, 0% used [0x000000076f580000,0x000000076f580000,0x0000000770000000)
  to   space 10752K, 0% used [0x000000076eb00000,0x000000076eb00000,0x000000076f580000)
 ParOldGen       total 175104K, used 0K [0x00000006c0000000, 0x00000006cab00000, 0x000000076ab00000)
  object space 175104K, 0% used [0x00000006c0000000,0x00000006c0000000,0x00000006cab00000)
 Metaspace       used 16776K, capacity 16954K, committed 17280K, reserved 1064960K
  class space    used 2067K, capacity 2087K, committed 2176K, reserved 1048576K
Event: 0.775 GC heap after
Heap after GC invocations=1 (full 0):
 PSYoungGen      total 76288K, used 10732K [0x000000076ab00000, 0x0000000774000000, 0x00000007c0000000)
  eden space 65536K, 0% used [0x000000076ab00000,0x000000076ab00000,0x000000076eb00000)
  from space 10752K, 99% used [0x000000076eb00000,0x000000076f57b1e8,0x000000076f580000)
  to   space 10752K, 0% used [0x0000000773580000,0x0000000773580000,0x0000000774000000)
 ParOldGen       total 175104K, used 2895K [0x00000006c0000000, 0x00000006cab00000, 0x000000076ab00000)
  object space 175104K, 1% used [0x00000006c0000000,0x00000006c02d3fb0,0x00000006cab00000)
 Metaspace       used 16776K, capacity 16954K, committed 17280K, reserved 1064960K
  class space    used 2067K, capacity 2087K, committed 2176K, reserved 1048576K
}
Event: 1.236 GC heap before
{Heap before GC invocations=2 (full 0):
 PSYoungGen      total 76288K, used 35980K [0x000000076ab00000, 0x0000000774000000, 0x00000007c0000000)
  eden space 65536K, 38% used [0x000000076ab00000,0x000000076c3a80e0,0x000000076eb00000)
  from space 10752K, 99% used [0x000000076eb00000,0x000000076f57b1e8,0x000000076f580000)
  to   space 10752K, 0% used [0x0000000773580000,0x0000000773580000,0x0000000774000000)
 ParOldGen       total 175104K, used 2895K [0x00000006c0000000, 0x00000006cab00000, 0x000000076ab00000)
  object space 175104K, 1% used [0x00000006c0000000,0x00000006c02d3fb0,0x00000006cab00000)
 Metaspace       used 20996K, capacity 21120K, committed 21248K, reserved 1067008K
  class space    used 2688K, capacity 2728K, committed 2816K, reserved 1048576K
Event: 1.242 GC heap after
Heap after GC invocations=2 (full 0):
 PSYoungGen      total 141824K, used 9986K [0x000000076ab00000, 0x0000000774000000, 0x00000007c0000000)
  eden space 131072K, 0% used [0x000000076ab00000,0x000000076ab00000,0x0000000772b00000)
  from space 10752K, 92% used [0x0000000773580000,0x0000000773f408b0,0x0000000774000000)
  to   space 10752K, 0% used [0x0000000772b00000,0x0000000772b00000,0x0000000773580000)
 ParOldGen       total 175104K, used 2903K [0x00000006c0000000, 0x00000006cab00000, 0x000000076ab00000)
  object space 175104K, 1% used [0x00000006c0000000,0x00000006c02d5fb0,0x00000006cab00000)
 Metaspace       used 20996K, capacity 21120K, committed 21248K, reserved 1067008K
  class space    used 2688K, capacity 2728K, committed 2816K, reserved 1048576K
}
Event: 1.242 GC heap before
{Heap before GC invocations=3 (full 1):
 PSYoungGen      total 141824K, used 9986K [0x000000076ab00000, 0x0000000774000000, 0x00000007c0000000)
  eden space 131072K, 0% used [0x000000076ab00000,0x000000076ab00000,0x0000000772b00000)
  from space 10752K, 92% used [0x0000000773580000,0x0000000773f408b0,0x0000000774000000)
  to   space 10752K, 0% used [0x0000000772b00000,0x0000000772b00000,0x0000000773580000)
 ParOldGen       total 175104K, used 2903K [0x00000006c0000000, 0x00000006cab00000, 0x000000076ab00000)
  object space 175104K, 1% used [0x00000006c0000000,0x00000006c02d5fb0,0x00000006cab00000)
 Metaspace       used 20996K, capacity 21120K, committed 21248K, reserved 1067008K
  class space    used 2688K, capacity 2728K, committed 2816K, reserved 1048576K
Event: 1.262 GC heap after
Heap after GC invocations=3 (full 1):
 PSYoungGen      total 141824K, used 0K [0x000000076ab00000, 0x0000000774000000, 0x00000007c0000000)
  eden space 131072K, 0% used [0x000000076ab00000,0x000000076ab00000,0x0000000772b00000)
  from space 10752K, 0% used [0x0000000773580000,0x0000000773580000,0x0000000774000000)
  to   space 10752K, 0% used [0x0000000772b00000,0x0000000772b00000,0x0000000773580000)
 ParOldGen       total 115200K, used 9507K [0x00000006c0000000, 0x00000006c7080000, 0x000000076ab00000)
  object space 115200K, 8% used [0x00000006c0000000,0x00000006c0948d50,0x00000006c7080000)
 Metaspace       used 20996K, capacity 21120K, committed 21248K, reserved 1067008K
  class space    used 2688K, capacity 2728K, committed 2816K, reserved 1048576K
}

